2018-06-18 14:51:01 [main                  ] INFO  e.e.hawaii.HawaiiApplicationTests - Starting HawaiiApplicationTests on WS075 with PID 28493 (started by aberonja in /home/aberonja/projects/hawaii)
2018-06-18 14:51:01 [main                  ] INFO  e.e.hawaii.HawaiiApplicationTests - No active profile set, falling back to default profiles: default
2018-06-18 14:51:01 [main                  ] INFO  o.s.w.c.s.GenericWebApplicationContext - Refreshing org.springframework.web.context.support.GenericWebApplicationContext@339bf286: startup date [Mon Jun 18 14:51:01 CEST 2018]; root of context hierarchy
2018-06-18 14:51:02 [main                  ] INFO  o.s.c.s.PostProcessorRegistrationDelegate$BeanPostProcessorChecker - Bean 'org.springframework.transaction.annotation.ProxyTransactionManagementConfiguration' of type [org.springframework.transaction.annotation.ProxyTransactionManagementConfiguration$$EnhancerBySpringCGLIB$$5594d81f] is not eligible for getting processed by all BeanPostProcessors (for example: not eligible for auto-proxying)
2018-06-18 14:51:02 [main                  ] INFO  com.zaxxer.hikari.HikariDataSource - HikariPool-1 - Starting...
2018-06-18 14:51:02 [main                  ] INFO  com.zaxxer.hikari.HikariDataSource - HikariPool-1 - Start completed.
2018-06-18 14:51:03 [main                  ] INFO  o.s.o.j.LocalContainerEntityManagerFactoryBean - Building JPA container EntityManagerFactory for persistence unit 'default'
2018-06-18 14:51:03 [main                  ] INFO  o.h.jpa.internal.util.LogHelper - HHH000204: Processing PersistenceUnitInfo [
	name: default
	...]
2018-06-18 14:51:03 [main                  ] INFO  org.hibernate.Version - HHH000412: Hibernate Core {5.2.17.Final}
2018-06-18 14:51:03 [main                  ] INFO  org.hibernate.cfg.Environment - HHH000206: hibernate.properties not found
2018-06-18 14:51:03 [main                  ] INFO  o.h.annotations.common.Version - HCANN000001: Hibernate Commons Annotations {5.0.1.Final}
2018-06-18 14:51:03 [main                  ] INFO  org.hibernate.dialect.Dialect - HHH000400: Using dialect: org.hibernate.dialect.MySQL5InnoDBDialect
2018-06-18 14:51:03 [main                  ] INFO  o.s.o.j.LocalContainerEntityManagerFactoryBean - Initialized JPA EntityManagerFactory for persistence unit 'default'
2018-06-18 14:51:04 [main                  ] INFO  o.s.w.s.h.SimpleUrlHandlerMapping - Mapped URL path [/**/favicon.ico] onto handler of type [class org.springframework.web.servlet.resource.ResourceHttpRequestHandler]
2018-06-18 14:51:04 [main                  ] INFO  o.s.w.s.m.m.a.RequestMappingHandlerAdapter - Looking for @ControllerAdvice: org.springframework.web.context.support.GenericWebApplicationContext@339bf286: startup date [Mon Jun 18 14:51:01 CEST 2018]; root of context hierarchy
2018-06-18 14:51:04 [main                  ] WARN  o.s.b.a.o.j.JpaBaseConfiguration$JpaWebConfiguration$JpaWebMvcConfiguration - spring.jpa.open-in-view is enabled by default. Therefore, database queries may be performed during view rendering. Explicitly configure spring.jpa.open-in-view to disable this warning
2018-06-18 14:51:04 [main                  ] INFO  o.s.w.s.m.m.a.RequestMappingHandlerMapping - Mapped "{[/users],methods=[GET]}" onto public org.springframework.http.ResponseEntity<java.util.List<eu.execom.hawaii.model.User>> eu.execom.hawaii.api.controller.UserController.getUsers()
2018-06-18 14:51:04 [main                  ] INFO  o.s.w.s.m.m.a.RequestMappingHandlerMapping - Mapped "{[/users/{email}],methods=[GET]}" onto public org.springframework.http.ResponseEntity<eu.execom.hawaii.model.User> eu.execom.hawaii.api.controller.UserController.getUserByEmail(java.lang.String)
2018-06-18 14:51:04 [main                  ] INFO  o.s.w.s.m.m.a.RequestMappingHandlerMapping - Mapped "{[/],methods=[GET]}" onto public java.lang.String eu.execom.hawaii.api.controller.WelcomeController.welcome()
2018-06-18 14:51:04 [main                  ] INFO  o.s.w.s.m.m.a.RequestMappingHandlerMapping - Mapped "{[/error]}" onto public org.springframework.http.ResponseEntity<java.util.Map<java.lang.String, java.lang.Object>> org.springframework.boot.autoconfigure.web.servlet.error.BasicErrorController.error(javax.servlet.http.HttpServletRequest)
2018-06-18 14:51:04 [main                  ] INFO  o.s.w.s.m.m.a.RequestMappingHandlerMapping - Mapped "{[/error],produces=[text/html]}" onto public org.springframework.web.servlet.ModelAndView org.springframework.boot.autoconfigure.web.servlet.error.BasicErrorController.errorHtml(javax.servlet.http.HttpServletRequest,javax.servlet.http.HttpServletResponse)
2018-06-18 14:51:04 [main                  ] INFO  o.s.w.s.h.SimpleUrlHandlerMapping - Mapped URL path [/webjars/**] onto handler of type [class org.springframework.web.servlet.resource.ResourceHttpRequestHandler]
2018-06-18 14:51:04 [main                  ] INFO  o.s.w.s.h.SimpleUrlHandlerMapping - Mapped URL path [/**] onto handler of type [class org.springframework.web.servlet.resource.ResourceHttpRequestHandler]
2018-06-18 14:51:04 [main                  ] INFO  o.s.w.s.m.m.a.ExceptionHandlerExceptionResolver - Detected @ExceptionHandler methods in globalExceptionHandler
2018-06-18 14:51:05 [main                  ] INFO  e.e.hawaii.HawaiiApplicationTests - Started HawaiiApplicationTests in 4.331 seconds (JVM running for 5.23)
2018-06-18 14:51:05 [Thread-2              ] INFO  o.s.w.c.s.GenericWebApplicationContext - Closing org.springframework.web.context.support.GenericWebApplicationContext@339bf286: startup date [Mon Jun 18 14:51:01 CEST 2018]; root of context hierarchy
2018-06-18 14:51:05 [Thread-2              ] INFO  o.s.o.j.LocalContainerEntityManagerFactoryBean - Closing JPA EntityManagerFactory for persistence unit 'default'
2018-06-18 14:51:05 [Thread-2              ] INFO  com.zaxxer.hikari.HikariDataSource - HikariPool-1 - Shutdown initiated...
2018-06-18 14:51:05 [Thread-2              ] INFO  com.zaxxer.hikari.HikariDataSource - HikariPool-1 - Shutdown completed.
2018-06-18 14:51:21 [restartedMain         ] INFO  eu.execom.hawaii.HawaiiApplication - Starting HawaiiApplication on WS075 with PID 28618 (/home/aberonja/projects/hawaii/target/classes started by aberonja in /home/aberonja/projects/hawaii)
2018-06-18 14:51:21 [restartedMain         ] INFO  eu.execom.hawaii.HawaiiApplication - No active profile set, falling back to default profiles: default
2018-06-18 14:51:21 [restartedMain         ] INFO  o.s.b.w.s.c.AnnotationConfigServletWebServerApplicationContext - Refreshing org.springframework.boot.web.servlet.context.AnnotationConfigServletWebServerApplicationContext@3dae902a: startup date [Mon Jun 18 14:51:21 CEST 2018]; root of context hierarchy
2018-06-18 14:51:22 [restartedMain         ] INFO  o.s.c.s.PostProcessorRegistrationDelegate$BeanPostProcessorChecker - Bean 'org.springframework.transaction.annotation.ProxyTransactionManagementConfiguration' of type [org.springframework.transaction.annotation.ProxyTransactionManagementConfiguration$$EnhancerBySpringCGLIB$$11e90bfc] is not eligible for getting processed by all BeanPostProcessors (for example: not eligible for auto-proxying)
2018-06-18 14:51:22 [restartedMain         ] INFO  o.s.b.w.e.tomcat.TomcatWebServer - Tomcat initialized with port(s): 8080 (http)
2018-06-18 14:51:22 [restartedMain         ] INFO  o.a.catalina.core.StandardService - Starting service [Tomcat]
2018-06-18 14:51:22 [restartedMain         ] INFO  o.a.catalina.core.StandardEngine - Starting Servlet Engine: Apache Tomcat/8.5.31
2018-06-18 14:51:22 [localhost-startStop-1 ] INFO  o.a.c.core.AprLifecycleListener - The APR based Apache Tomcat Native library which allows optimal performance in production environments was not found on the java.library.path: [/usr/java/packages/lib:/usr/lib64:/lib64:/lib:/usr/lib]
2018-06-18 14:51:23 [localhost-startStop-1 ] INFO  o.a.c.c.C.[Tomcat].[localhost].[/] - Initializing Spring embedded WebApplicationContext
2018-06-18 14:51:23 [localhost-startStop-1 ] INFO  o.s.web.context.ContextLoader - Root WebApplicationContext: initialization completed in 1870 ms
2018-06-18 14:51:23 [localhost-startStop-1 ] INFO  o.s.b.w.s.ServletRegistrationBean - Servlet dispatcherServlet mapped to [/]
2018-06-18 14:51:23 [localhost-startStop-1 ] INFO  o.s.b.w.s.FilterRegistrationBean - Mapping filter: 'characterEncodingFilter' to: [/*]
2018-06-18 14:51:23 [localhost-startStop-1 ] INFO  o.s.b.w.s.FilterRegistrationBean - Mapping filter: 'hiddenHttpMethodFilter' to: [/*]
2018-06-18 14:51:23 [localhost-startStop-1 ] INFO  o.s.b.w.s.FilterRegistrationBean - Mapping filter: 'httpPutFormContentFilter' to: [/*]
2018-06-18 14:51:23 [localhost-startStop-1 ] INFO  o.s.b.w.s.FilterRegistrationBean - Mapping filter: 'requestContextFilter' to: [/*]
2018-06-18 14:51:23 [restartedMain         ] INFO  com.zaxxer.hikari.HikariDataSource - HikariPool-1 - Starting...
2018-06-18 14:51:23 [restartedMain         ] INFO  com.zaxxer.hikari.HikariDataSource - HikariPool-1 - Start completed.
2018-06-18 14:51:23 [restartedMain         ] INFO  o.s.o.j.LocalContainerEntityManagerFactoryBean - Building JPA container EntityManagerFactory for persistence unit 'default'
2018-06-18 14:51:23 [restartedMain         ] INFO  o.h.jpa.internal.util.LogHelper - HHH000204: Processing PersistenceUnitInfo [
	name: default
	...]
2018-06-18 14:51:23 [restartedMain         ] INFO  org.hibernate.Version - HHH000412: Hibernate Core {5.2.17.Final}
2018-06-18 14:51:23 [restartedMain         ] INFO  org.hibernate.cfg.Environment - HHH000206: hibernate.properties not found
2018-06-18 14:51:23 [restartedMain         ] INFO  o.h.annotations.common.Version - HCANN000001: Hibernate Commons Annotations {5.0.1.Final}
2018-06-18 14:51:23 [restartedMain         ] INFO  org.hibernate.dialect.Dialect - HHH000400: Using dialect: org.hibernate.dialect.MySQL5InnoDBDialect
2018-06-18 14:51:24 [restartedMain         ] INFO  o.s.o.j.LocalContainerEntityManagerFactoryBean - Initialized JPA EntityManagerFactory for persistence unit 'default'
2018-06-18 14:51:24 [restartedMain         ] INFO  o.s.w.s.h.SimpleUrlHandlerMapping - Mapped URL path [/**/favicon.ico] onto handler of type [class org.springframework.web.servlet.resource.ResourceHttpRequestHandler]
2018-06-18 14:51:25 [restartedMain         ] INFO  o.s.w.s.m.m.a.RequestMappingHandlerAdapter - Looking for @ControllerAdvice: org.springframework.boot.web.servlet.context.AnnotationConfigServletWebServerApplicationContext@3dae902a: startup date [Mon Jun 18 14:51:21 CEST 2018]; root of context hierarchy
2018-06-18 14:51:25 [restartedMain         ] WARN  o.s.b.a.o.j.JpaBaseConfiguration$JpaWebConfiguration$JpaWebMvcConfiguration - spring.jpa.open-in-view is enabled by default. Therefore, database queries may be performed during view rendering. Explicitly configure spring.jpa.open-in-view to disable this warning
2018-06-18 14:51:25 [restartedMain         ] INFO  o.s.w.s.m.m.a.RequestMappingHandlerMapping - Mapped "{[/users],methods=[GET]}" onto public org.springframework.http.ResponseEntity<java.util.List<eu.execom.hawaii.model.User>> eu.execom.hawaii.api.controller.UserController.getUsers()
2018-06-18 14:51:25 [restartedMain         ] INFO  o.s.w.s.m.m.a.RequestMappingHandlerMapping - Mapped "{[/users/{email}],methods=[GET]}" onto public org.springframework.http.ResponseEntity<eu.execom.hawaii.model.User> eu.execom.hawaii.api.controller.UserController.getUserByEmail(java.lang.String)
2018-06-18 14:51:25 [restartedMain         ] INFO  o.s.w.s.m.m.a.RequestMappingHandlerMapping - Mapped "{[/],methods=[GET]}" onto public java.lang.String eu.execom.hawaii.api.controller.WelcomeController.welcome()
2018-06-18 14:51:25 [restartedMain         ] INFO  o.s.w.s.m.m.a.RequestMappingHandlerMapping - Mapped "{[/error],produces=[text/html]}" onto public org.springframework.web.servlet.ModelAndView org.springframework.boot.autoconfigure.web.servlet.error.BasicErrorController.errorHtml(javax.servlet.http.HttpServletRequest,javax.servlet.http.HttpServletResponse)
2018-06-18 14:51:25 [restartedMain         ] INFO  o.s.w.s.m.m.a.RequestMappingHandlerMapping - Mapped "{[/error]}" onto public org.springframework.http.ResponseEntity<java.util.Map<java.lang.String, java.lang.Object>> org.springframework.boot.autoconfigure.web.servlet.error.BasicErrorController.error(javax.servlet.http.HttpServletRequest)
2018-06-18 14:51:25 [restartedMain         ] INFO  o.s.w.s.h.SimpleUrlHandlerMapping - Mapped URL path [/webjars/**] onto handler of type [class org.springframework.web.servlet.resource.ResourceHttpRequestHandler]
2018-06-18 14:51:25 [restartedMain         ] INFO  o.s.w.s.h.SimpleUrlHandlerMapping - Mapped URL path [/**] onto handler of type [class org.springframework.web.servlet.resource.ResourceHttpRequestHandler]
2018-06-18 14:51:25 [restartedMain         ] INFO  o.s.w.s.m.m.a.ExceptionHandlerExceptionResolver - Detected @ExceptionHandler methods in globalExceptionHandler
2018-06-18 14:51:25 [restartedMain         ] INFO  o.s.b.d.a.OptionalLiveReloadServer - LiveReload server is running on port 35729
2018-06-18 14:51:25 [restartedMain         ] INFO  o.s.j.e.a.AnnotationMBeanExporter - Registering beans for JMX exposure on startup
2018-06-18 14:51:25 [restartedMain         ] INFO  o.s.j.e.a.AnnotationMBeanExporter - Bean with name 'dataSource' has been autodetected for JMX exposure
2018-06-18 14:51:25 [restartedMain         ] INFO  o.s.j.e.a.AnnotationMBeanExporter - Located MBean 'dataSource': registering with JMX server as MBean [com.zaxxer.hikari:name=dataSource,type=HikariDataSource]
2018-06-18 14:51:25 [restartedMain         ] INFO  o.s.b.w.e.tomcat.TomcatWebServer - Tomcat started on port(s): 8080 (http) with context path ''
2018-06-18 14:51:25 [restartedMain         ] INFO  eu.execom.hawaii.HawaiiApplication - Started HawaiiApplication in 4.908 seconds (JVM running for 5.493)
2018-06-18 14:51:29 [http-nio-8080-exec-2  ] INFO  o.a.c.c.C.[Tomcat].[localhost].[/] - Initializing Spring FrameworkServlet 'dispatcherServlet'
2018-06-18 14:51:29 [http-nio-8080-exec-2  ] INFO  o.s.web.servlet.DispatcherServlet - FrameworkServlet 'dispatcherServlet': initialization started
2018-06-18 14:51:29 [http-nio-8080-exec-2  ] INFO  o.s.web.servlet.DispatcherServlet - FrameworkServlet 'dispatcherServlet': initialization completed in 13 ms
2018-06-18 14:51:29 [http-nio-8080-exec-2  ] INFO  o.h.h.i.QueryTranslatorFactoryInitiator - HHH000397: Using ASTQueryTranslatorFactory
2018-06-18 14:52:00 [http-nio-8080-exec-3  ] INFO  o.a.coyote.http11.Http11Processor - Error parsing HTTP request header
 Note: further occurrences of HTTP header parsing errors will be logged at DEBUG level.
java.lang.IllegalArgumentException: Invalid character found in method name. HTTP method names must be tokens
	at org.apache.coyote.http11.Http11InputBuffer.parseRequestLine(Http11InputBuffer.java:428)
	at org.apache.coyote.http11.Http11Processor.service(Http11Processor.java:687)
	at org.apache.coyote.AbstractProcessorLight.process(AbstractProcessorLight.java:66)
	at org.apache.coyote.AbstractProtocol$ConnectionHandler.process(AbstractProtocol.java:790)
	at org.apache.tomcat.util.net.NioEndpoint$SocketProcessor.doRun(NioEndpoint.java:1468)
	at org.apache.tomcat.util.net.SocketProcessorBase.run(SocketProcessorBase.java:49)
	at java.base/java.util.concurrent.ThreadPoolExecutor.runWorker(ThreadPoolExecutor.java:1135)
	at java.base/java.util.concurrent.ThreadPoolExecutor$Worker.run(ThreadPoolExecutor.java:635)
	at org.apache.tomcat.util.threads.TaskThread$WrappingRunnable.run(TaskThread.java:61)
	at java.base/java.lang.Thread.run(Thread.java:844)
2018-06-18 14:52:00 [http-nio-8080-exec-5  ] INFO  o.a.coyote.http11.Http11Processor - Error parsing HTTP request header
 Note: further occurrences of HTTP header parsing errors will be logged at DEBUG level.
java.lang.IllegalArgumentException: Invalid character found in method name. HTTP method names must be tokens
	at org.apache.coyote.http11.Http11InputBuffer.parseRequestLine(Http11InputBuffer.java:428)
	at org.apache.coyote.http11.Http11Processor.service(Http11Processor.java:687)
	at org.apache.coyote.AbstractProcessorLight.process(AbstractProcessorLight.java:66)
	at org.apache.coyote.AbstractProtocol$ConnectionHandler.process(AbstractProtocol.java:790)
	at org.apache.tomcat.util.net.NioEndpoint$SocketProcessor.doRun(NioEndpoint.java:1468)
	at org.apache.tomcat.util.net.SocketProcessorBase.run(SocketProcessorBase.java:49)
	at java.base/java.util.concurrent.ThreadPoolExecutor.runWorker(ThreadPoolExecutor.java:1135)
	at java.base/java.util.concurrent.ThreadPoolExecutor$Worker.run(ThreadPoolExecutor.java:635)
	at org.apache.tomcat.util.threads.TaskThread$WrappingRunnable.run(TaskThread.java:61)
	at java.base/java.lang.Thread.run(Thread.java:844)
2018-06-18 14:52:00 [http-nio-8080-exec-6  ] INFO  o.a.coyote.http11.Http11Processor - Error parsing HTTP request header
 Note: further occurrences of HTTP header parsing errors will be logged at DEBUG level.
java.lang.IllegalArgumentException: Invalid character found in method name. HTTP method names must be tokens
	at org.apache.coyote.http11.Http11InputBuffer.parseRequestLine(Http11InputBuffer.java:428)
	at org.apache.coyote.http11.Http11Processor.service(Http11Processor.java:687)
	at org.apache.coyote.AbstractProcessorLight.process(AbstractProcessorLight.java:66)
	at org.apache.coyote.AbstractProtocol$ConnectionHandler.process(AbstractProtocol.java:790)
	at org.apache.tomcat.util.net.NioEndpoint$SocketProcessor.doRun(NioEndpoint.java:1468)
	at org.apache.tomcat.util.net.SocketProcessorBase.run(SocketProcessorBase.java:49)
	at java.base/java.util.concurrent.ThreadPoolExecutor.runWorker(ThreadPoolExecutor.java:1135)
	at java.base/java.util.concurrent.ThreadPoolExecutor$Worker.run(ThreadPoolExecutor.java:635)
	at org.apache.tomcat.util.threads.TaskThread$WrappingRunnable.run(TaskThread.java:61)
	at java.base/java.lang.Thread.run(Thread.java:844)
2018-06-18 14:52:00 [http-nio-8080-exec-4  ] INFO  o.a.coyote.http11.Http11Processor - Error parsing HTTP request header
 Note: further occurrences of HTTP header parsing errors will be logged at DEBUG level.
java.lang.IllegalArgumentException: Invalid character found in method name. HTTP method names must be tokens
	at org.apache.coyote.http11.Http11InputBuffer.parseRequestLine(Http11InputBuffer.java:428)
	at org.apache.coyote.http11.Http11Processor.service(Http11Processor.java:687)
	at org.apache.coyote.AbstractProcessorLight.process(AbstractProcessorLight.java:66)
	at org.apache.coyote.AbstractProtocol$ConnectionHandler.process(AbstractProtocol.java:790)
	at org.apache.tomcat.util.net.NioEndpoint$SocketProcessor.doRun(NioEndpoint.java:1468)
	at org.apache.tomcat.util.net.SocketProcessorBase.run(SocketProcessorBase.java:49)
	at java.base/java.util.concurrent.ThreadPoolExecutor.runWorker(ThreadPoolExecutor.java:1135)
	at java.base/java.util.concurrent.ThreadPoolExecutor$Worker.run(ThreadPoolExecutor.java:635)
	at org.apache.tomcat.util.threads.TaskThread$WrappingRunnable.run(TaskThread.java:61)
	at java.base/java.lang.Thread.run(Thread.java:844)
